<?xml version="1.0" encoding="UTF-8"?>
<!-- Generated by org.testng.reporters.JUnitReportReporter -->
<testsuite hostname="DESKTOP-US8MHMD" failures="0" tests="1" name="emailAndCloudGooglePageCostComparisonTest" time="0.005" errors="0" timestamp="2023-05-17T16:14:12 MSK" skipped="0">
  <testcase classname="emailAndCloudGooglePageCostComparisonTest" name="estimatedCostTest" time="0.005"/>
  <system-out/>
</testsuite> <!-- emailAndCloudGooglePageCostComparisonTest -->
