<?xml version="1.0" encoding="UTF-8"?>
<!-- Generated by org.testng.reporters.JUnitReportReporter -->
<testsuite hostname="DESKTOP-US8MHMD" failures="0" tests="6" name="PricingCalculatorFilledPageTest" time="0.354" errors="0" timestamp="2023-05-15T15:22:59 MSK" skipped="0">
  <testcase classname="PricingCalculatorFilledPageTest" name="commitmentTermTest" time="0.156"/>
  <system-out/>
  <testcase classname="PricingCalculatorFilledPageTest" name="regionTest" time="0.031"/>
  <system-out/>
  <testcase classname="PricingCalculatorFilledPageTest" name="provisioningModelTest" time="0.032"/>
  <system-out/>
  <testcase classname="PricingCalculatorFilledPageTest" name="instanceTypeTest" time="0.045"/>
  <system-out/>
  <testcase classname="PricingCalculatorFilledPageTest" name="estimatedCostTest" time="0.060"/>
  <system-out/>
  <testcase classname="PricingCalculatorFilledPageTest" name="localSSDTypeTest" time="0.030"/>
  <system-out/>
</testsuite> <!-- PricingCalculatorFilledPageTest -->
