<?xml version="1.0" encoding="UTF-8"?>
<!-- Generated by org.testng.reporters.JUnitReportReporter -->
<testsuite hostname="DESKTOP-US8MHMD" failures="0" tests="1" name="test.EmailAndCloudGooglePageCostComparisonTest" time="32.967" errors="0" timestamp="2023-05-30T23:39:45 MSK" skipped="0">
  <testcase classname="test.EmailAndCloudGooglePageCostComparisonTest" name="estimatedCostTest" time="32.967"/>
  <system-out/>
</testsuite> <!-- test.EmailAndCloudGooglePageCostComparisonTest -->
