<?xml version="1.0" encoding="UTF-8"?>
<!-- Generated by org.testng.reporters.JUnitReportReporter -->
<testsuite hostname="DESKTOP-US8MHMD" failures="0" tests="1" name="test.EmailAndCloudGooglePageCostComparisonTest" time="33.518" errors="0" timestamp="2023-06-01T05:31:40 MSK" skipped="0">
  <testcase classname="test.EmailAndCloudGooglePageCostComparisonTest" name="estimatedCostTest" time="33.518"/>
  <system-out/>
</testsuite> <!-- test.EmailAndCloudGooglePageCostComparisonTest -->
