<?xml version="1.0" encoding="UTF-8"?>
<!-- Generated by org.testng.reporters.JUnitReportReporter -->
<testsuite hostname="DESKTOP-US8MHMD" failures="0" tests="1" name="test.YopmailURLTest" time="5.093" errors="0" timestamp="2023-06-02T04:59:19 MSK" skipped="0">
  <testcase classname="test.YopmailURLTest" name="urlTest" time="5.093"/>
  <system-out/>
</testsuite> <!-- test.YopmailURLTest -->
