<?xml version="1.0" encoding="UTF-8"?>
<!-- Generated by org.testng.reporters.JUnitReportReporter -->
<testsuite hostname="DESKTOP-US8MHMD" failures="0" tests="1" name="test.YopmailURLTest" time="3.026" errors="0" timestamp="2023-06-01T05:31:40 MSK" skipped="0">
  <testcase classname="test.YopmailURLTest" name="urlTest" time="3.026"/>
  <system-out/>
</testsuite> <!-- test.YopmailURLTest -->
