<?xml version="1.0" encoding="UTF-8"?>
<!-- Generated by org.testng.reporters.JUnitReportReporter -->
<testsuite hostname="DESKTOP-US8MHMD" failures="0" tests="3" name="PastebinSubmittedPageTest" time="0.137" errors="0" timestamp="2023-05-15T15:21:09 MSK" skipped="0">
  <testcase classname="PastebinSubmittedPageTest" name="syntaxHighlightingTest" time="0.042"/>
  <system-out/>
  <testcase classname="PastebinSubmittedPageTest" name="titleNameTest" time="0.026"/>
  <system-out/>
  <testcase classname="PastebinSubmittedPageTest" name="pasteTextTest" time="0.069"/>
  <system-out/>
</testsuite> <!-- PastebinSubmittedPageTest -->
